d:\mega\uni\stage 3\gitlab\gamedev\gamedevfolder\gamedev\release\vc141.pdb
d:\mega\uni\stage 3\gitlab\gamedev\gamedevfolder\gamedev\release\xboxpad.obj
d:\mega\uni\stage 3\gitlab\gamedev\gamedevfolder\gamedev\release\renderer.obj
d:\mega\uni\stage 3\gitlab\gamedev\gamedevfolder\gamedev\release\physics.obj
d:\mega\uni\stage 3\gitlab\gamedev\gamedevfolder\gamedev\release\main.obj
d:\mega\uni\stage 3\gitlab\gamedev\gamedevfolder\gamedev\release\keyboardmouse.obj
d:\mega\uni\stage 3\gitlab\gamedev\gamedevfolder\gamedev\release\input.obj
d:\mega\uni\stage 3\gitlab\gamedev\gamedevfolder\gamedev\release\event.obj
d:\mega\uni\stage 3\gitlab\gamedev\gamedevfolder\gamedev\release\entity.obj
d:\mega\uni\stage 3\gitlab\gamedev\gamedevfolder\gamedev\release\controller.obj
d:\mega\uni\stage 3\gitlab\gamedev\gamedevfolder\gamedev\release\audio.obj
d:\mega\uni\stage 3\gitlab\gamedev\gamedevfolder\gamedev\release\.netframework,version=v4.5.2.assemblyattributes.obj
d:\mega\uni\stage 3\gitlab\gamedev\gamedevfolder\gamedev\release\.netframework,version=v4.5.2.assemblyattributes.asm
d:\mega\uni\stage 3\gitlab\gamedev\gamedevfolder\release\gamedev.exe
d:\mega\uni\stage 3\gitlab\gamedev\gamedevfolder\release\gamedev.pdb
d:\mega\uni\stage 3\gitlab\gamedev\gamedevfolder\gamedev\release\gamedev.tlog\cl.command.1.tlog
d:\mega\uni\stage 3\gitlab\gamedev\gamedevfolder\gamedev\release\gamedev.tlog\cl.read.1.tlog
d:\mega\uni\stage 3\gitlab\gamedev\gamedevfolder\gamedev\release\gamedev.tlog\cl.write.1.tlog
d:\mega\uni\stage 3\gitlab\gamedev\gamedevfolder\gamedev\release\gamedev.tlog\link.command.1.tlog
d:\mega\uni\stage 3\gitlab\gamedev\gamedevfolder\gamedev\release\gamedev.tlog\link.read.1.tlog
d:\mega\uni\stage 3\gitlab\gamedev\gamedevfolder\gamedev\release\gamedev.tlog\link.write.1.tlog
d:\mega\uni\stage 3\gitlab\gamedev\gamedevfolder\gamedev\release\gamedev.tlog\metagen.read.1.tlog
d:\mega\uni\stage 3\gitlab\gamedev\gamedevfolder\gamedev\release\gamedev.tlog\metagen.write.1.tlog
d:\mega\uni\stage 3\gitlab\gamedev\gamedevfolder\gamedev\release\gamedev.tlog\tzres.dll.bi
