d:\mega\uni\stage 3\gitlab\csc3222 coursework\nclgl\debug\nclgl.pdb
d:\mega\uni\stage 3\gitlab\csc3222 coursework\nclgl\debug\nclgl.idb
d:\mega\uni\stage 3\gitlab\csc3222 coursework\nclgl\debug\camera.obj
d:\mega\uni\stage 3\gitlab\csc3222 coursework\nclgl\debug\cuberobot.obj
d:\mega\uni\stage 3\gitlab\csc3222 coursework\nclgl\debug\frustum.obj
d:\mega\uni\stage 3\gitlab\csc3222 coursework\nclgl\debug\gametimer.obj
d:\mega\uni\stage 3\gitlab\csc3222 coursework\nclgl\debug\heightmap.obj
d:\mega\uni\stage 3\gitlab\csc3222 coursework\nclgl\debug\keyboard.obj
d:\mega\uni\stage 3\gitlab\csc3222 coursework\nclgl\debug\matrix4.obj
d:\mega\uni\stage 3\gitlab\csc3222 coursework\nclgl\debug\md5anim.obj
d:\mega\uni\stage 3\gitlab\csc3222 coursework\nclgl\debug\md5filedata.obj
d:\mega\uni\stage 3\gitlab\csc3222 coursework\nclgl\debug\md5mesh.obj
d:\mega\uni\stage 3\gitlab\csc3222 coursework\nclgl\debug\md5node.obj
d:\mega\uni\stage 3\gitlab\csc3222 coursework\nclgl\debug\mesh.obj
d:\mega\uni\stage 3\gitlab\csc3222 coursework\nclgl\debug\mouse.obj
d:\mega\uni\stage 3\gitlab\csc3222 coursework\nclgl\debug\objmesh.obj
d:\mega\uni\stage 3\gitlab\csc3222 coursework\nclgl\debug\oglrenderer.obj
d:\mega\uni\stage 3\gitlab\csc3222 coursework\nclgl\debug\plane.obj
d:\mega\uni\stage 3\gitlab\csc3222 coursework\nclgl\debug\quaternion.obj
d:\mega\uni\stage 3\gitlab\csc3222 coursework\nclgl\debug\scenenode.obj
d:\mega\uni\stage 3\gitlab\csc3222 coursework\nclgl\debug\shader.obj
d:\mega\uni\stage 3\gitlab\csc3222 coursework\nclgl\debug\window.obj
d:\mega\uni\stage 3\gitlab\csc3222 coursework\csc3222 coursework\debug\nclgl.lib
d:\mega\uni\stage 3\gitlab\csc3222 coursework\csc3222 coursework\debug\nclgl.pdb
d:\mega\uni\stage 3\gitlab\csc3222 coursework\nclgl\debug\nclgl.tlog\cl.command.1.tlog
d:\mega\uni\stage 3\gitlab\csc3222 coursework\nclgl\debug\nclgl.tlog\cl.read.1.tlog
d:\mega\uni\stage 3\gitlab\csc3222 coursework\nclgl\debug\nclgl.tlog\cl.write.1.tlog
d:\mega\uni\stage 3\gitlab\csc3222 coursework\nclgl\debug\nclgl.tlog\lib-link.read.1.tlog
d:\mega\uni\stage 3\gitlab\csc3222 coursework\nclgl\debug\nclgl.tlog\lib-link.write.1.tlog
d:\mega\uni\stage 3\gitlab\csc3222 coursework\nclgl\debug\nclgl.tlog\lib.command.1.tlog
